<?xml version="1.0" encoding="UTF-8"?>
<!-- Generated by org.testng.reporters.JUnitReportReporter -->
<testsuite skipped="0" hostname="AQMIT-DSK-10300" name="Runner.Hotelsrunner" tests="1" failures="0" timestamp="2022-08-03T09:47:30 IST" time="31.068" errors="0">
  <testcase name="hotelRunner" time="31.068" classname="Runner.Hotelsrunner"/>
  <system-out/>
</testsuite> <!-- Runner.Hotelsrunner -->
