<?xml version="1.0" encoding="UTF-8"?>
<!-- Generated by org.testng.reporters.JUnitReportReporter -->
<testsuite hostname="AQMIT-DSK-10153" name="Runner.Test1" tests="3" failures="0" timestamp="25 Jul 2022 05:46:51 GMT" time="0.006" errors="0">
  <testcase name="test1" time="0.004" classname="Runner.Test1"/>
  <testcase name="test1" time="0.001" classname="Runner.Test1"/>
  <testcase name="test1" time="0.001" classname="Runner.Test1"/>
</testsuite> <!-- Runner.Test1 -->
